19:24:04 DEBUG : Logs will be stored at 'C:/Users/ranchen/workspace/IDE.log'.
19:24:08 INFO  : Launching XSCT server: xsct.bat -n  -interactive C:\Users\ranchen\workspace\temp_xsdb_launch_script.tcl
19:24:08 INFO  : Registering command handlers for Vitis TCF services
19:24:10 INFO  : Platform repository initialization has completed.
19:24:14 INFO  : XSCT server has started successfully.
19:24:17 INFO  : Successfully done setting XSCT server connection channel  
19:24:17 INFO  : plnx-install-location is set to ''
19:24:17 INFO  : Successfully done query RDI_DATADIR 
19:24:17 INFO  : Successfully done setting workspace for the tool. 
19:25:38 INFO  : Result from executing command 'getProjects': lab_1a
19:25:38 INFO  : Result from executing command 'getPlatforms': xilinx_vck190_base_202210_1|C:/Xilinx/Vitis/2022.1/base_platforms/xilinx_vck190_base_202210_1/xilinx_vck190_base_202210_1.xpfm;xilinx_vck190_base_dfx_202210_1|C:/Xilinx/Vitis/2022.1/base_platforms/xilinx_vck190_base_dfx_202210_1/xilinx_vck190_base_dfx_202210_1.xpfm;xilinx_vmk180_base_202210_1|C:/Xilinx/Vitis/2022.1/base_platforms/xilinx_vmk180_base_202210_1/xilinx_vmk180_base_202210_1.xpfm;xilinx_zcu102_base_202210_1|C:/Xilinx/Vitis/2022.1/base_platforms/xilinx_zcu102_base_202210_1/xilinx_zcu102_base_202210_1.xpfm;xilinx_zcu102_base_dfx_202210_1|C:/Xilinx/Vitis/2022.1/base_platforms/xilinx_zcu102_base_dfx_202210_1/xilinx_zcu102_base_dfx_202210_1.xpfm;xilinx_zcu104_base_202210_1|C:/Xilinx/Vitis/2022.1/base_platforms/xilinx_zcu104_base_202210_1/xilinx_zcu104_base_202210_1.xpfm
19:47:53 INFO  : Bit file 'C:/Users/ranchen/workspace/Lab_1a_attempt/_ide/bitstream/download.bit' is generated.
19:47:55 INFO  : Connected to target on host '127.0.0.1' and port '3121'.
19:47:57 INFO  : 'targets -set -filter {jtag_cable_name =~ "Digilent Nexys A7 -100T 210292BCFA48A" && level==0 && jtag_device_ctx=="jsn-Nexys A7 -100T-210292BCFA48A-13631093-0"}' command is executed.
19:48:00 INFO  : Device configured successfully with "C:/Users/ranchen/workspace/Lab_1a_attempt/_ide/bitstream/download.bit"
19:49:25 INFO  : Connected to target on host '127.0.0.1' and port '3121'.
19:49:25 INFO  : Jtag cable 'Digilent Nexys A7 -100T 210292BCFA48A' is selected.
19:49:25 INFO  : 'jtag frequency' command is executed.
19:49:25 INFO  : 'targets -set -filter {jtag_cable_name =~ "Digilent Nexys A7 -100T 210292BCFA48A" && level==0 && jtag_device_ctx=="jsn-Nexys A7 -100T-210292BCFA48A-13631093-0"}' command is executed.
19:49:27 INFO  : Device configured successfully with "C:/Users/ranchen/workspace/Lab_1a_attempt/_ide/bitstream/download.bit"
19:49:27 INFO  : Context for processor 'microblaze_0' is selected.
19:49:27 INFO  : Hardware design and registers information is loaded from 'C:/Users/ranchen/workspace/lab_1a/export/lab_1a/hw/design_1_wrapper.xsa'.
19:49:27 INFO  : 'configparams mdm-detect-bscan-mask 2' command is executed.
19:49:27 INFO  : Context for processor 'microblaze_0' is selected.
19:49:27 INFO  : System reset is completed.
19:49:30 INFO  : 'after 3000' command is executed.
19:49:30 INFO  : ----------------XSDB Script----------------
connect -url tcp:127.0.0.1:3121
targets -set -filter {jtag_cable_name =~ "Digilent Nexys A7 -100T 210292BCFA48A" && level==0 && jtag_device_ctx=="jsn-Nexys A7 -100T-210292BCFA48A-13631093-0"}
fpga -file C:/Users/ranchen/workspace/Lab_1a_attempt/_ide/bitstream/download.bit
targets -set -nocase -filter {name =~ "*microblaze*#0" && bscan=="USER2" }
loadhw -hw C:/Users/ranchen/workspace/lab_1a/export/lab_1a/hw/design_1_wrapper.xsa -regs
configparams mdm-detect-bscan-mask 2
targets -set -nocase -filter {name =~ "*microblaze*#0" && bscan=="USER2" }
rst -system
after 3000
----------------End of Script----------------

19:49:30 INFO  : Launch script is exported to file 'C:\Users\ranchen\workspace\Lab_1a_attempt_system\_ide\scripts\systemdebugger_lab_1a_attempt_system_standalone.tcl'
19:50:01 INFO  : Disconnected from the channel tcfchan#1.
19:50:04 INFO  : Connected to target on host '127.0.0.1' and port '3121'.
19:50:05 INFO  : Jtag cable 'Digilent Nexys A7 -100T 210292BCFA48A' is selected.
19:50:05 INFO  : 'jtag frequency' command is executed.
19:50:05 INFO  : 'targets -set -filter {jtag_cable_name =~ "Digilent Nexys A7 -100T 210292BCFA48A" && level==0 && jtag_device_ctx=="jsn-Nexys A7 -100T-210292BCFA48A-13631093-0"}' command is executed.
19:50:07 INFO  : Device configured successfully with "C:/Users/ranchen/workspace/Lab_1a_attempt/_ide/bitstream/design_1_wrapper.bit"
19:50:07 INFO  : Context for processor 'microblaze_0' is selected.
19:50:07 INFO  : Hardware design and registers information is loaded from 'C:/Users/ranchen/workspace/lab_1a/export/lab_1a/hw/design_1_wrapper.xsa'.
19:50:07 INFO  : 'configparams mdm-detect-bscan-mask 2' command is executed.
19:50:07 INFO  : Context for processor 'microblaze_0' is selected.
19:50:07 INFO  : System reset is completed.
19:50:10 INFO  : 'after 3000' command is executed.
19:50:10 INFO  : ----------------XSDB Script----------------
connect -url tcp:127.0.0.1:3121
targets -set -filter {jtag_cable_name =~ "Digilent Nexys A7 -100T 210292BCFA48A" && level==0 && jtag_device_ctx=="jsn-Nexys A7 -100T-210292BCFA48A-13631093-0"}
fpga -file C:/Users/ranchen/workspace/Lab_1a_attempt/_ide/bitstream/design_1_wrapper.bit
targets -set -nocase -filter {name =~ "*microblaze*#0" && bscan=="USER2" }
loadhw -hw C:/Users/ranchen/workspace/lab_1a/export/lab_1a/hw/design_1_wrapper.xsa -regs
configparams mdm-detect-bscan-mask 2
targets -set -nocase -filter {name =~ "*microblaze*#0" && bscan=="USER2" }
rst -system
after 3000
----------------End of Script----------------

19:50:11 INFO  : Launch script is exported to file 'C:\Users\ranchen\workspace\Lab_1a_attempt_system\_ide\scripts\debugger_lab_1a_attempt-default.tcl'
19:50:35 INFO  : Disconnected from the channel tcfchan#2.
19:50:38 INFO  : Connected to target on host '127.0.0.1' and port '3121'.
19:50:39 INFO  : Jtag cable 'Digilent Nexys A7 -100T 210292BCFA48A' is selected.
19:50:39 INFO  : 'jtag frequency' command is executed.
19:50:39 INFO  : 'targets -set -filter {jtag_cable_name =~ "Digilent Nexys A7 -100T 210292BCFA48A" && level==0 && jtag_device_ctx=="jsn-Nexys A7 -100T-210292BCFA48A-13631093-0"}' command is executed.
19:50:41 INFO  : Device configured successfully with "C:/Users/ranchen/workspace/Lab_1a_attempt/_ide/bitstream/download.bit"
19:50:41 INFO  : Context for processor 'microblaze_0' is selected.
19:50:41 INFO  : Hardware design and registers information is loaded from 'C:/Users/ranchen/workspace/lab_1a/export/lab_1a/hw/design_1_wrapper.xsa'.
19:50:41 INFO  : 'configparams mdm-detect-bscan-mask 2' command is executed.
19:50:41 INFO  : Context for processor 'microblaze_0' is selected.
19:50:41 INFO  : System reset is completed.
19:50:44 INFO  : 'after 3000' command is executed.
19:50:44 INFO  : ----------------XSDB Script----------------
connect -url tcp:127.0.0.1:3121
targets -set -filter {jtag_cable_name =~ "Digilent Nexys A7 -100T 210292BCFA48A" && level==0 && jtag_device_ctx=="jsn-Nexys A7 -100T-210292BCFA48A-13631093-0"}
fpga -file C:/Users/ranchen/workspace/Lab_1a_attempt/_ide/bitstream/download.bit
targets -set -nocase -filter {name =~ "*microblaze*#0" && bscan=="USER2" }
loadhw -hw C:/Users/ranchen/workspace/lab_1a/export/lab_1a/hw/design_1_wrapper.xsa -regs
configparams mdm-detect-bscan-mask 2
targets -set -nocase -filter {name =~ "*microblaze*#0" && bscan=="USER2" }
rst -system
after 3000
----------------End of Script----------------

19:50:44 INFO  : Launch script is exported to file 'C:\Users\ranchen\workspace\Lab_1a_attempt_system\_ide\scripts\systemdebugger_lab_1a_attempt_system_1_standalone.tcl'
19:51:33 INFO  : Connected to target on host '127.0.0.1' and port '3121'.
19:51:33 INFO  : Jtag cable 'Digilent Nexys A7 -100T 210292BCFA48A' is selected.
19:51:33 INFO  : 'jtag frequency' command is executed.
19:51:33 INFO  : 'targets -set -filter {jtag_cable_name =~ "Digilent Nexys A7 -100T 210292BCFA48A" && level==0 && jtag_device_ctx=="jsn-Nexys A7 -100T-210292BCFA48A-13631093-0"}' command is executed.
19:51:35 INFO  : Device configured successfully with "C:/Users/ranchen/workspace/Lab_1a_attempt/_ide/bitstream/design_1_wrapper.bit"
19:51:35 INFO  : Context for processor 'microblaze_0' is selected.
19:51:35 INFO  : Hardware design and registers information is loaded from 'C:/Users/ranchen/workspace/lab_1a/export/lab_1a/hw/design_1_wrapper.xsa'.
19:51:35 INFO  : 'configparams mdm-detect-bscan-mask 2' command is executed.
19:51:35 INFO  : Context for processor 'microblaze_0' is selected.
19:51:35 INFO  : System reset is completed.
19:51:38 INFO  : 'after 3000' command is executed.
19:51:38 INFO  : ----------------XSDB Script----------------
connect -url tcp:127.0.0.1:3121
targets -set -filter {jtag_cable_name =~ "Digilent Nexys A7 -100T 210292BCFA48A" && level==0 && jtag_device_ctx=="jsn-Nexys A7 -100T-210292BCFA48A-13631093-0"}
fpga -file C:/Users/ranchen/workspace/Lab_1a_attempt/_ide/bitstream/design_1_wrapper.bit
targets -set -nocase -filter {name =~ "*microblaze*#0" && bscan=="USER2" }
loadhw -hw C:/Users/ranchen/workspace/lab_1a/export/lab_1a/hw/design_1_wrapper.xsa -regs
configparams mdm-detect-bscan-mask 2
targets -set -nocase -filter {name =~ "*microblaze*#0" && bscan=="USER2" }
rst -system
after 3000
----------------End of Script----------------

19:51:38 INFO  : Launch script is exported to file 'C:\Users\ranchen\workspace\Lab_1a_attempt_system\_ide\scripts\debugger_lab_1a_attempt-default.tcl'
19:53:20 INFO  : Connected to target on host '127.0.0.1' and port '3121'.
19:53:20 INFO  : Jtag cable 'Digilent Nexys A7 -100T 210292BCFA48A' is selected.
19:53:20 INFO  : 'jtag frequency' command is executed.
19:53:20 INFO  : 'targets -set -filter {jtag_cable_name =~ "Digilent Nexys A7 -100T 210292BCFA48A" && level==0 && jtag_device_ctx=="jsn-Nexys A7 -100T-210292BCFA48A-13631093-0"}' command is executed.
19:53:23 INFO  : Device configured successfully with "C:/Users/ranchen/workspace/Lab_1a_attempt/_ide/bitstream/download.bit"
19:53:23 INFO  : Context for processor 'microblaze_0' is selected.
19:53:23 INFO  : Hardware design and registers information is loaded from 'C:/Users/ranchen/workspace/lab_1a/export/lab_1a/hw/design_1_wrapper.xsa'.
19:53:23 INFO  : 'configparams mdm-detect-bscan-mask 2' command is executed.
19:53:23 INFO  : Context for processor 'microblaze_0' is selected.
19:53:23 INFO  : System reset is completed.
19:53:26 INFO  : 'after 3000' command is executed.
19:53:26 INFO  : ----------------XSDB Script----------------
connect -url tcp:127.0.0.1:3121
targets -set -filter {jtag_cable_name =~ "Digilent Nexys A7 -100T 210292BCFA48A" && level==0 && jtag_device_ctx=="jsn-Nexys A7 -100T-210292BCFA48A-13631093-0"}
fpga -file C:/Users/ranchen/workspace/Lab_1a_attempt/_ide/bitstream/download.bit
targets -set -nocase -filter {name =~ "*microblaze*#0" && bscan=="USER2" }
loadhw -hw C:/Users/ranchen/workspace/lab_1a/export/lab_1a/hw/design_1_wrapper.xsa -regs
configparams mdm-detect-bscan-mask 2
targets -set -nocase -filter {name =~ "*microblaze*#0" && bscan=="USER2" }
rst -system
after 3000
----------------End of Script----------------

19:53:26 INFO  : Disconnected from the channel tcfchan#3.
19:55:59 WARN  : channel "tcfchan#3" closed
19:56:13 INFO  : Connected to target on host '127.0.0.1' and port '3121'.
19:56:13 INFO  : Jtag cable 'Digilent Nexys A7 -100T 210292BCFA48A' is selected.
19:56:13 INFO  : 'jtag frequency' command is executed.
19:56:13 INFO  : 'targets -set -filter {jtag_cable_name =~ "Digilent Nexys A7 -100T 210292BCFA48A" && level==0 && jtag_device_ctx=="jsn-Nexys A7 -100T-210292BCFA48A-13631093-0"}' command is executed.
19:56:15 INFO  : Device configured successfully with "C:/Users/ranchen/workspace/Lab_1a_attempt/_ide/bitstream/design_1_wrapper.bit"
19:56:15 INFO  : Context for processor 'microblaze_0' is selected.
19:56:15 INFO  : Hardware design and registers information is loaded from 'C:/Users/ranchen/workspace/lab_1a/export/lab_1a/hw/design_1_wrapper.xsa'.
19:56:15 INFO  : 'configparams mdm-detect-bscan-mask 2' command is executed.
19:56:15 INFO  : Context for processor 'microblaze_0' is selected.
19:56:15 INFO  : System reset is completed.
19:56:18 INFO  : 'after 3000' command is executed.
19:56:18 INFO  : ----------------XSDB Script----------------
connect -url tcp:127.0.0.1:3121
targets -set -filter {jtag_cable_name =~ "Digilent Nexys A7 -100T 210292BCFA48A" && level==0 && jtag_device_ctx=="jsn-Nexys A7 -100T-210292BCFA48A-13631093-0"}
fpga -file C:/Users/ranchen/workspace/Lab_1a_attempt/_ide/bitstream/design_1_wrapper.bit
targets -set -nocase -filter {name =~ "*microblaze*#0" && bscan=="USER2" }
loadhw -hw C:/Users/ranchen/workspace/lab_1a/export/lab_1a/hw/design_1_wrapper.xsa -regs
configparams mdm-detect-bscan-mask 2
targets -set -nocase -filter {name =~ "*microblaze*#0" && bscan=="USER2" }
rst -system
after 3000
----------------End of Script----------------

19:56:18 INFO  : Launch script is exported to file 'C:\Users\ranchen\workspace\Lab_1a_attempt_system\_ide\scripts\debugger_lab_1a_attempt-default.tcl'
19:56:46 INFO  : Connected to target on host '127.0.0.1' and port '3121'.
19:56:47 INFO  : Jtag cable 'Digilent Nexys A7 -100T 210292BCFA48A' is selected.
19:56:47 INFO  : 'jtag frequency' command is executed.
19:56:47 INFO  : 'targets -set -filter {jtag_cable_name =~ "Digilent Nexys A7 -100T 210292BCFA48A" && level==0 && jtag_device_ctx=="jsn-Nexys A7 -100T-210292BCFA48A-13631093-0"}' command is executed.
19:56:49 INFO  : Device configured successfully with "C:/Users/ranchen/workspace/Lab_1a_attempt/_ide/bitstream/download.bit"
19:56:49 INFO  : Context for processor 'microblaze_0' is selected.
19:56:49 INFO  : Hardware design and registers information is loaded from 'C:/Users/ranchen/workspace/lab_1a/export/lab_1a/hw/design_1_wrapper.xsa'.
19:56:49 INFO  : 'configparams mdm-detect-bscan-mask 2' command is executed.
19:56:49 INFO  : Context for processor 'microblaze_0' is selected.
19:56:49 INFO  : System reset is completed.
19:56:52 INFO  : 'after 3000' command is executed.
19:56:52 INFO  : ----------------XSDB Script----------------
connect -url tcp:127.0.0.1:3121
targets -set -filter {jtag_cable_name =~ "Digilent Nexys A7 -100T 210292BCFA48A" && level==0 && jtag_device_ctx=="jsn-Nexys A7 -100T-210292BCFA48A-13631093-0"}
fpga -file C:/Users/ranchen/workspace/Lab_1a_attempt/_ide/bitstream/download.bit
targets -set -nocase -filter {name =~ "*microblaze*#0" && bscan=="USER2" }
loadhw -hw C:/Users/ranchen/workspace/lab_1a/export/lab_1a/hw/design_1_wrapper.xsa -regs
configparams mdm-detect-bscan-mask 2
targets -set -nocase -filter {name =~ "*microblaze*#0" && bscan=="USER2" }
rst -system
after 3000
----------------End of Script----------------

19:56:52 INFO  : Disconnected from the channel tcfchan#4.
19:57:18 WARN  : channel "tcfchan#4" closed
20:08:13 INFO  : Bit file 'C:/Users/ranchen/workspace/Lab_1a_attempt/_ide/bitstream/download.bit' is generated.
20:08:13 INFO  : Connected to target on host '127.0.0.1' and port '3121'.
20:08:13 INFO  : 'targets -set -filter {jtag_cable_name =~ "Digilent Nexys A7 -100T 210292BCFA48A" && level==0 && jtag_device_ctx=="jsn-Nexys A7 -100T-210292BCFA48A-13631093-0"}' command is executed.
20:08:15 INFO  : Device configured successfully with "C:/Users/ranchen/workspace/Lab_1a_attempt/_ide/bitstream/download.bit"
20:10:40 WARN  : channel "tcfchan#3" closed
20:10:47 INFO  : Connected to target on host '127.0.0.1' and port '3121'.
20:10:48 INFO  : Jtag cable 'Digilent Nexys A7 -100T 210292BCFA48A' is selected.
20:10:48 INFO  : 'jtag frequency' command is executed.
20:10:48 INFO  : 'targets -set -filter {jtag_cable_name =~ "Digilent Nexys A7 -100T 210292BCFA48A" && level==0 && jtag_device_ctx=="jsn-Nexys A7 -100T-210292BCFA48A-13631093-0"}' command is executed.
20:10:50 INFO  : Device configured successfully with "C:/Users/ranchen/workspace/Lab_1a_attempt/_ide/bitstream/download.bit"
20:10:50 INFO  : Context for processor 'microblaze_0' is selected.
20:10:50 INFO  : Hardware design and registers information is loaded from 'C:/Users/ranchen/workspace/lab_1a/export/lab_1a/hw/design_1_wrapper.xsa'.
20:10:50 INFO  : 'configparams mdm-detect-bscan-mask 2' command is executed.
20:10:50 INFO  : Context for processor 'microblaze_0' is selected.
20:10:50 INFO  : System reset is completed.
20:10:53 INFO  : 'after 3000' command is executed.
20:10:53 INFO  : ----------------XSDB Script----------------
connect -url tcp:127.0.0.1:3121
targets -set -filter {jtag_cable_name =~ "Digilent Nexys A7 -100T 210292BCFA48A" && level==0 && jtag_device_ctx=="jsn-Nexys A7 -100T-210292BCFA48A-13631093-0"}
fpga -file C:/Users/ranchen/workspace/Lab_1a_attempt/_ide/bitstream/download.bit
targets -set -nocase -filter {name =~ "*microblaze*#0" && bscan=="USER2" }
loadhw -hw C:/Users/ranchen/workspace/lab_1a/export/lab_1a/hw/design_1_wrapper.xsa -regs
configparams mdm-detect-bscan-mask 2
targets -set -nocase -filter {name =~ "*microblaze*#0" && bscan=="USER2" }
rst -system
after 3000
----------------End of Script----------------

20:10:53 INFO  : Launch script is exported to file 'C:\Users\ranchen\workspace\Lab_1a_attempt_system\_ide\scripts\systemdebugger_lab_1a_attempt_system_standalone.tcl'
20:12:10 INFO  : Disconnected from the channel tcfchan#5.
09:28:05 DEBUG : Logs will be stored at 'C:/Users/ranchen/workspace/IDE.log'.
09:28:06 INFO  : Launching XSCT server: xsct.bat -n  -interactive C:\Users\ranchen\workspace\temp_xsdb_launch_script.tcl
09:28:11 INFO  : Registering command handlers for Vitis TCF services
09:28:13 INFO  : XSCT server has started successfully.
09:28:13 INFO  : Platform repository initialization has completed.
09:28:16 INFO  : plnx-install-location is set to ''
09:28:16 INFO  : Successfully done setting XSCT server connection channel  
09:28:16 INFO  : Successfully done query RDI_DATADIR 
09:28:16 INFO  : Successfully done setting workspace for the tool. 
09:43:05 INFO  : Bit file 'C:/Users/ranchen/workspace/Lab_1a_attempt/_ide/bitstream/download.bit' is generated.
09:43:08 INFO  : Connected to target on host '127.0.0.1' and port '3121'.
09:43:10 INFO  : 'targets -set -filter {jtag_cable_name =~ "Digilent Nexys A7 -100T 210292BCFA48A" && level==0 && jtag_device_ctx=="jsn-Nexys A7 -100T-210292BCFA48A-13631093-0"}' command is executed.
09:43:13 INFO  : Device configured successfully with "C:/Users/ranchen/workspace/Lab_1a_attempt/_ide/bitstream/download.bit"
09:43:56 INFO  : Bit file 'C:/Users/ranchen/workspace/Lab_1a_attempt/_ide/bitstream/download.bit' is generated.
09:43:56 INFO  : Connected to target on host '127.0.0.1' and port '3121'.
09:43:56 INFO  : 'targets -set -filter {jtag_cable_name =~ "Digilent Nexys A7 -100T 210292BCFA48A" && level==0 && jtag_device_ctx=="jsn-Nexys A7 -100T-210292BCFA48A-13631093-0"}' command is executed.
09:43:58 INFO  : Device configured successfully with "C:/Users/ranchen/workspace/Lab_1a_attempt/_ide/bitstream/download.bit"
09:46:52 INFO  : Connected to target on host '127.0.0.1' and port '3121'.
09:46:52 INFO  : Jtag cable 'Digilent Nexys A7 -100T 210292BCFA48A' is selected.
09:46:52 INFO  : 'jtag frequency' command is executed.
09:46:52 INFO  : 'targets -set -filter {jtag_cable_name =~ "Digilent Nexys A7 -100T 210292BCFA48A" && level==0 && jtag_device_ctx=="jsn-Nexys A7 -100T-210292BCFA48A-13631093-0"}' command is executed.
09:46:55 INFO  : Device configured successfully with "C:/Users/ranchen/workspace/Lab_1a_attempt/_ide/bitstream/design_1_wrapper.bit"
09:46:55 INFO  : Context for processor 'microblaze_0' is selected.
09:46:55 INFO  : Hardware design and registers information is loaded from 'C:/Users/ranchen/workspace/lab_1a/export/lab_1a/hw/design_1_wrapper.xsa'.
09:46:55 INFO  : 'configparams mdm-detect-bscan-mask 2' command is executed.
09:46:55 INFO  : Context for processor 'microblaze_0' is selected.
09:46:55 INFO  : System reset is completed.
09:46:58 INFO  : 'after 3000' command is executed.
09:46:58 INFO  : ----------------XSDB Script----------------
connect -url tcp:127.0.0.1:3121
targets -set -filter {jtag_cable_name =~ "Digilent Nexys A7 -100T 210292BCFA48A" && level==0 && jtag_device_ctx=="jsn-Nexys A7 -100T-210292BCFA48A-13631093-0"}
fpga -file C:/Users/ranchen/workspace/Lab_1a_attempt/_ide/bitstream/design_1_wrapper.bit
targets -set -nocase -filter {name =~ "*microblaze*#0" && bscan=="USER2" }
loadhw -hw C:/Users/ranchen/workspace/lab_1a/export/lab_1a/hw/design_1_wrapper.xsa -regs
configparams mdm-detect-bscan-mask 2
targets -set -nocase -filter {name =~ "*microblaze*#0" && bscan=="USER2" }
rst -system
after 3000
----------------End of Script----------------

09:46:58 INFO  : Launch script is exported to file 'C:\Users\ranchen\workspace\Lab_1a_attempt_system\_ide\scripts\debugger_lab_1a_attempt-default.tcl'
09:48:04 INFO  : Result from executing command 'getProjects': lab_1a
09:48:04 INFO  : Result from executing command 'getPlatforms': lab_1a|C:/Users/ranchen/workspace/lab_1a/export/lab_1a/lab_1a.xpfm;xilinx_vck190_base_202210_1|C:/Xilinx/Vitis/2022.1/base_platforms/xilinx_vck190_base_202210_1/xilinx_vck190_base_202210_1.xpfm;xilinx_vck190_base_dfx_202210_1|C:/Xilinx/Vitis/2022.1/base_platforms/xilinx_vck190_base_dfx_202210_1/xilinx_vck190_base_dfx_202210_1.xpfm;xilinx_vmk180_base_202210_1|C:/Xilinx/Vitis/2022.1/base_platforms/xilinx_vmk180_base_202210_1/xilinx_vmk180_base_202210_1.xpfm;xilinx_zcu102_base_202210_1|C:/Xilinx/Vitis/2022.1/base_platforms/xilinx_zcu102_base_202210_1/xilinx_zcu102_base_202210_1.xpfm;xilinx_zcu102_base_dfx_202210_1|C:/Xilinx/Vitis/2022.1/base_platforms/xilinx_zcu102_base_dfx_202210_1/xilinx_zcu102_base_dfx_202210_1.xpfm;xilinx_zcu104_base_202210_1|C:/Xilinx/Vitis/2022.1/base_platforms/xilinx_zcu104_base_202210_1/xilinx_zcu104_base_202210_1.xpfm
09:48:05 INFO  : Checking for BSP changes to sync application flags for project 'Lab_1a_attempt'...
09:48:05 INFO  : Updating application flags with new BSP settings...
09:48:06 INFO  : Successfully updated application flags for project Lab_1a_attempt.
09:48:13 INFO  : Disconnected from the channel tcfchan#1.
09:48:14 INFO  : Connected to target on host '127.0.0.1' and port '3121'.
09:48:23 INFO  : ----------------XSDB Script----------------
connect -url tcp:127.0.0.1:3121
----------------End of Script----------------

09:48:23 ERROR : Could not find FPGA device on the board for connection 'Local'.


Troubleshooting hints:
1. Check whether board is connected to system properly.
2. In case of zynq board, check whether Digilent/Xilinx cable switch settings are correct.
3. If you are using Xilinx Platform Cable USB, ensure that status LED is green.
09:48:29 INFO  : Checking for BSP changes to sync application flags for project 'Lab_1a_attempt'...
09:48:37 INFO  : Connected to target on host '127.0.0.1' and port '3121'.
09:48:37 INFO  : Jtag cable 'Digilent Nexys A7 -100T 210292BCFA48A' is selected.
09:48:37 INFO  : 'jtag frequency' command is executed.
09:48:37 INFO  : 'targets -set -filter {jtag_cable_name =~ "Digilent Nexys A7 -100T 210292BCFA48A" && level==0 && jtag_device_ctx=="jsn-Nexys A7 -100T-210292BCFA48A-13631093-0"}' command is executed.
09:48:39 INFO  : Device configured successfully with "C:/Users/ranchen/workspace/Lab_1a_attempt/_ide/bitstream/design_1_wrapper.bit"
09:48:39 INFO  : Context for processor 'microblaze_0' is selected.
09:48:39 INFO  : Hardware design and registers information is loaded from 'C:/Users/ranchen/workspace/lab_1a/export/lab_1a/hw/design_1_wrapper.xsa'.
09:48:39 INFO  : 'configparams mdm-detect-bscan-mask 2' command is executed.
09:48:39 INFO  : Context for processor 'microblaze_0' is selected.
09:48:39 INFO  : System reset is completed.
09:48:43 INFO  : 'after 3000' command is executed.
09:48:43 INFO  : Context for processor 'microblaze_0' is selected.
09:48:43 INFO  : The application 'C:/Users/ranchen/workspace/Lab_1a_attempt/Debug/Lab_1a_attempt.elf' is downloaded to processor 'microblaze_0'.
09:48:43 INFO  : ----------------XSDB Script----------------
connect -url tcp:127.0.0.1:3121
targets -set -filter {jtag_cable_name =~ "Digilent Nexys A7 -100T 210292BCFA48A" && level==0 && jtag_device_ctx=="jsn-Nexys A7 -100T-210292BCFA48A-13631093-0"}
fpga -file C:/Users/ranchen/workspace/Lab_1a_attempt/_ide/bitstream/design_1_wrapper.bit
targets -set -nocase -filter {name =~ "*microblaze*#0" && bscan=="USER2" }
loadhw -hw C:/Users/ranchen/workspace/lab_1a/export/lab_1a/hw/design_1_wrapper.xsa -regs
configparams mdm-detect-bscan-mask 2
targets -set -nocase -filter {name =~ "*microblaze*#0" && bscan=="USER2" }
rst -system
after 3000
targets -set -nocase -filter {name =~ "*microblaze*#0" && bscan=="USER2" }
dow C:/Users/ranchen/workspace/Lab_1a_attempt/Debug/Lab_1a_attempt.elf
----------------End of Script----------------

09:48:43 INFO  : Context for processor 'microblaze_0' is selected.
09:48:43 INFO  : 'con' command is executed.
09:48:43 INFO  : ----------------XSDB Script (After Launch)----------------
targets -set -nocase -filter {name =~ "*microblaze*#0" && bscan=="USER2" }
con
----------------End of Script----------------

09:48:43 INFO  : Launch script is exported to file 'C:\Users\ranchen\workspace\Lab_1a_attempt_system\_ide\scripts\debugger_lab_1a_attempt-default.tcl'
09:49:23 INFO  : No changes in MSS file content so sources will not be generated.
09:50:35 INFO  : Result from executing command 'getProjects': lab_1a
09:50:35 INFO  : Result from executing command 'getPlatforms': xilinx_vck190_base_202210_1|C:/Xilinx/Vitis/2022.1/base_platforms/xilinx_vck190_base_202210_1/xilinx_vck190_base_202210_1.xpfm;xilinx_vck190_base_dfx_202210_1|C:/Xilinx/Vitis/2022.1/base_platforms/xilinx_vck190_base_dfx_202210_1/xilinx_vck190_base_dfx_202210_1.xpfm;xilinx_vmk180_base_202210_1|C:/Xilinx/Vitis/2022.1/base_platforms/xilinx_vmk180_base_202210_1/xilinx_vmk180_base_202210_1.xpfm;xilinx_zcu102_base_202210_1|C:/Xilinx/Vitis/2022.1/base_platforms/xilinx_zcu102_base_202210_1/xilinx_zcu102_base_202210_1.xpfm;xilinx_zcu102_base_dfx_202210_1|C:/Xilinx/Vitis/2022.1/base_platforms/xilinx_zcu102_base_dfx_202210_1/xilinx_zcu102_base_dfx_202210_1.xpfm;xilinx_zcu104_base_202210_1|C:/Xilinx/Vitis/2022.1/base_platforms/xilinx_zcu104_base_202210_1/xilinx_zcu104_base_202210_1.xpfm
09:51:18 INFO  : Disconnected from the channel tcfchan#3.
09:51:19 INFO  : Connected to target on host '127.0.0.1' and port '3121'.
09:51:29 INFO  : ----------------XSDB Script----------------
connect -url tcp:127.0.0.1:3121
----------------End of Script----------------

09:51:29 ERROR : Could not find FPGA device on the board for connection 'Local'.


Troubleshooting hints:
1. Check whether board is connected to system properly.
2. In case of zynq board, check whether Digilent/Xilinx cable switch settings are correct.
3. If you are using Xilinx Platform Cable USB, ensure that status LED is green.
09:52:06 INFO  : Bit file 'C:/Users/ranchen/workspace/Lab_1a_attempt/_ide/bitstream/download.bit' is generated.
09:52:06 INFO  : Connected to target on host '127.0.0.1' and port '3121'.
09:52:06 INFO  : 'targets -set -filter {jtag_cable_name =~ "Digilent Nexys A7 -100T 210292BCFA48A" && level==0 && jtag_device_ctx=="jsn-Nexys A7 -100T-210292BCFA48A-13631093-0"}' command is executed.
09:52:08 INFO  : Device configured successfully with "C:/Users/ranchen/workspace/Lab_1a_attempt/_ide/bitstream/download.bit"
09:52:35 INFO  : Connected to target on host '127.0.0.1' and port '3121'.
09:52:35 INFO  : Jtag cable 'Digilent Nexys A7 -100T 210292BCFA48A' is selected.
09:52:35 INFO  : 'jtag frequency' command is executed.
09:52:36 INFO  : 'targets -set -filter {jtag_cable_name =~ "Digilent Nexys A7 -100T 210292BCFA48A" && level==0 && jtag_device_ctx=="jsn-Nexys A7 -100T-210292BCFA48A-13631093-0"}' command is executed.
09:52:38 INFO  : Device configured successfully with "C:/Users/ranchen/workspace/Lab_1a_attempt/_ide/bitstream/design_1_wrapper.bit"
09:52:38 INFO  : Context for processor 'microblaze_0' is selected.
09:52:38 INFO  : Hardware design and registers information is loaded from 'C:/Users/ranchen/workspace/lab_1a/export/lab_1a/hw/design_1_wrapper.xsa'.
09:52:38 INFO  : 'configparams mdm-detect-bscan-mask 2' command is executed.
09:52:38 INFO  : Context for processor 'microblaze_0' is selected.
09:52:38 INFO  : System reset is completed.
09:52:41 INFO  : 'after 3000' command is executed.
09:52:41 INFO  : Context for processor 'microblaze_0' is selected.
09:52:41 INFO  : The application 'C:/Users/ranchen/workspace/Lab_1a_attempt/Debug/Lab_1a_attempt.elf' is downloaded to processor 'microblaze_0'.
09:52:41 INFO  : ----------------XSDB Script----------------
connect -url tcp:127.0.0.1:3121
targets -set -filter {jtag_cable_name =~ "Digilent Nexys A7 -100T 210292BCFA48A" && level==0 && jtag_device_ctx=="jsn-Nexys A7 -100T-210292BCFA48A-13631093-0"}
fpga -file C:/Users/ranchen/workspace/Lab_1a_attempt/_ide/bitstream/design_1_wrapper.bit
targets -set -nocase -filter {name =~ "*microblaze*#0" && bscan=="USER2" }
loadhw -hw C:/Users/ranchen/workspace/lab_1a/export/lab_1a/hw/design_1_wrapper.xsa -regs
configparams mdm-detect-bscan-mask 2
targets -set -nocase -filter {name =~ "*microblaze*#0" && bscan=="USER2" }
rst -system
after 3000
targets -set -nocase -filter {name =~ "*microblaze*#0" && bscan=="USER2" }
dow C:/Users/ranchen/workspace/Lab_1a_attempt/Debug/Lab_1a_attempt.elf
----------------End of Script----------------

09:52:41 INFO  : Context for processor 'microblaze_0' is selected.
09:52:41 INFO  : 'con' command is executed.
09:52:41 INFO  : ----------------XSDB Script (After Launch)----------------
targets -set -nocase -filter {name =~ "*microblaze*#0" && bscan=="USER2" }
con
----------------End of Script----------------

09:52:41 INFO  : Launch script is exported to file 'C:\Users\ranchen\workspace\Lab_1a_attempt_system\_ide\scripts\debugger_lab_1a_attempt-default.tcl'
09:52:59 INFO  : Disconnected from the channel tcfchan#5.
09:53:00 INFO  : Connected to target on host '127.0.0.1' and port '3121'.
09:53:00 INFO  : Jtag cable 'Digilent Nexys A7 -100T 210292BCFA48A' is selected.
09:53:00 INFO  : 'jtag frequency' command is executed.
09:53:00 INFO  : 'targets -set -filter {jtag_cable_name =~ "Digilent Nexys A7 -100T 210292BCFA48A" && level==0 && jtag_device_ctx=="jsn-Nexys A7 -100T-210292BCFA48A-13631093-0"}' command is executed.
09:53:03 INFO  : Device configured successfully with "C:/Users/ranchen/workspace/Lab_1a_attempt/_ide/bitstream/design_1_wrapper.bit"
09:53:03 INFO  : Context for processor 'microblaze_0' is selected.
09:53:03 INFO  : Hardware design and registers information is loaded from 'C:/Users/ranchen/workspace/lab_1a/export/lab_1a/hw/design_1_wrapper.xsa'.
09:53:03 INFO  : 'configparams mdm-detect-bscan-mask 2' command is executed.
09:53:03 INFO  : Context for processor 'microblaze_0' is selected.
09:53:03 INFO  : System reset is completed.
09:53:06 INFO  : 'after 3000' command is executed.
09:53:06 INFO  : Context for processor 'microblaze_0' is selected.
09:53:06 INFO  : The application 'C:/Users/ranchen/workspace/Lab_1a_attempt/Debug/Lab_1a_attempt.elf' is downloaded to processor 'microblaze_0'.
09:53:06 INFO  : ----------------XSDB Script----------------
connect -url tcp:127.0.0.1:3121
targets -set -filter {jtag_cable_name =~ "Digilent Nexys A7 -100T 210292BCFA48A" && level==0 && jtag_device_ctx=="jsn-Nexys A7 -100T-210292BCFA48A-13631093-0"}
fpga -file C:/Users/ranchen/workspace/Lab_1a_attempt/_ide/bitstream/design_1_wrapper.bit
targets -set -nocase -filter {name =~ "*microblaze*#0" && bscan=="USER2" }
loadhw -hw C:/Users/ranchen/workspace/lab_1a/export/lab_1a/hw/design_1_wrapper.xsa -regs
configparams mdm-detect-bscan-mask 2
targets -set -nocase -filter {name =~ "*microblaze*#0" && bscan=="USER2" }
rst -system
after 3000
targets -set -nocase -filter {name =~ "*microblaze*#0" && bscan=="USER2" }
dow C:/Users/ranchen/workspace/Lab_1a_attempt/Debug/Lab_1a_attempt.elf
----------------End of Script----------------

09:53:06 INFO  : Context for processor 'microblaze_0' is selected.
09:53:06 INFO  : 'con' command is executed.
09:53:06 INFO  : ----------------XSDB Script (After Launch)----------------
targets -set -nocase -filter {name =~ "*microblaze*#0" && bscan=="USER2" }
con
----------------End of Script----------------

09:53:06 INFO  : Launch script is exported to file 'C:\Users\ranchen\workspace\Lab_1a_attempt_system\_ide\scripts\debugger_lab_1a_attempt-default.tcl'
09:54:04 INFO  : Disconnected from the channel tcfchan#6.
09:54:05 INFO  : Connected to target on host '127.0.0.1' and port '3121'.
09:54:14 INFO  : ----------------XSDB Script----------------
connect -url tcp:127.0.0.1:3121
----------------End of Script----------------

09:54:14 ERROR : Could not find FPGA device on the board for connection 'Local'.


Troubleshooting hints:
1. Check whether board is connected to system properly.
2. In case of zynq board, check whether Digilent/Xilinx cable switch settings are correct.
3. If you are using Xilinx Platform Cable USB, ensure that status LED is green.
09:54:57 INFO  : Bit file 'C:/Users/ranchen/workspace/Lab_1a_attempt/_ide/bitstream/download.bit' is generated.
09:54:57 INFO  : Connected to target on host '127.0.0.1' and port '3121'.
09:54:57 INFO  : 'targets -set -filter {jtag_cable_name =~ "Digilent Nexys A7 -100T 210292BCFA48A" && level==0 && jtag_device_ctx=="jsn-Nexys A7 -100T-210292BCFA48A-13631093-0"}' command is executed.
09:54:59 INFO  : Device configured successfully with "C:/Users/ranchen/workspace/Lab_1a_attempt/_ide/bitstream/download.bit"
09:55:04 INFO  : Connected to target on host '127.0.0.1' and port '3121'.
09:55:05 INFO  : Jtag cable 'Digilent Nexys A7 -100T 210292BCFA48A' is selected.
09:55:05 INFO  : 'jtag frequency' command is executed.
09:55:05 INFO  : 'targets -set -filter {jtag_cable_name =~ "Digilent Nexys A7 -100T 210292BCFA48A" && level==0 && jtag_device_ctx=="jsn-Nexys A7 -100T-210292BCFA48A-13631093-0"}' command is executed.
09:55:07 INFO  : Device configured successfully with "C:/Users/ranchen/workspace/Lab_1a_attempt/_ide/bitstream/design_1_wrapper.bit"
09:55:07 INFO  : Context for processor 'microblaze_0' is selected.
09:55:07 INFO  : Hardware design and registers information is loaded from 'C:/Users/ranchen/workspace/lab_1a/export/lab_1a/hw/design_1_wrapper.xsa'.
09:55:07 INFO  : 'configparams mdm-detect-bscan-mask 2' command is executed.
09:55:07 INFO  : Context for processor 'microblaze_0' is selected.
09:55:07 INFO  : System reset is completed.
09:55:10 INFO  : 'after 3000' command is executed.
09:55:10 INFO  : Context for processor 'microblaze_0' is selected.
09:55:10 INFO  : The application 'C:/Users/ranchen/workspace/Lab_1a_attempt/Debug/Lab_1a_attempt.elf' is downloaded to processor 'microblaze_0'.
09:55:10 INFO  : ----------------XSDB Script----------------
connect -url tcp:127.0.0.1:3121
targets -set -filter {jtag_cable_name =~ "Digilent Nexys A7 -100T 210292BCFA48A" && level==0 && jtag_device_ctx=="jsn-Nexys A7 -100T-210292BCFA48A-13631093-0"}
fpga -file C:/Users/ranchen/workspace/Lab_1a_attempt/_ide/bitstream/design_1_wrapper.bit
targets -set -nocase -filter {name =~ "*microblaze*#0" && bscan=="USER2" }
loadhw -hw C:/Users/ranchen/workspace/lab_1a/export/lab_1a/hw/design_1_wrapper.xsa -regs
configparams mdm-detect-bscan-mask 2
targets -set -nocase -filter {name =~ "*microblaze*#0" && bscan=="USER2" }
rst -system
after 3000
targets -set -nocase -filter {name =~ "*microblaze*#0" && bscan=="USER2" }
dow C:/Users/ranchen/workspace/Lab_1a_attempt/Debug/Lab_1a_attempt.elf
----------------End of Script----------------

09:55:10 INFO  : Context for processor 'microblaze_0' is selected.
09:55:10 INFO  : 'con' command is executed.
09:55:10 INFO  : ----------------XSDB Script (After Launch)----------------
targets -set -nocase -filter {name =~ "*microblaze*#0" && bscan=="USER2" }
con
----------------End of Script----------------

09:55:10 INFO  : Launch script is exported to file 'C:\Users\ranchen\workspace\Lab_1a_attempt_system\_ide\scripts\debugger_lab_1a_attempt-default.tcl'
09:56:12 INFO  : Disconnected from the channel tcfchan#7.
09:56:19 INFO  : Checking for BSP changes to sync application flags for project 'Lab_1a_attempt'...
09:56:28 INFO  : Connected to target on host '127.0.0.1' and port '3121'.
09:56:29 INFO  : Jtag cable 'Digilent Nexys A7 -100T 210292BCFA48A' is selected.
09:56:29 INFO  : 'jtag frequency' command is executed.
09:56:30 INFO  : 'targets -set -filter {jtag_cable_name =~ "Digilent Nexys A7 -100T 210292BCFA48A" && level==0 && jtag_device_ctx=="jsn-Nexys A7 -100T-210292BCFA48A-13631093-0"}' command is executed.
09:56:33 INFO  : Device configured successfully with "C:/Users/ranchen/workspace/Lab_1a_attempt/_ide/bitstream/design_1_wrapper.bit"
09:56:34 INFO  : Context for processor 'microblaze_0' is selected.
09:56:34 INFO  : Hardware design and registers information is loaded from 'C:/Users/ranchen/workspace/lab_1a/export/lab_1a/hw/design_1_wrapper.xsa'.
09:56:34 INFO  : 'configparams mdm-detect-bscan-mask 2' command is executed.
09:56:34 INFO  : Context for processor 'microblaze_0' is selected.
09:56:34 INFO  : System reset is completed.
09:56:37 INFO  : 'after 3000' command is executed.
09:56:38 INFO  : Context for processor 'microblaze_0' is selected.
09:56:38 INFO  : The application 'C:/Users/ranchen/workspace/Lab_1a_attempt/Debug/Lab_1a_attempt.elf' is downloaded to processor 'microblaze_0'.
09:56:38 INFO  : ----------------XSDB Script----------------
connect -url tcp:127.0.0.1:3121
targets -set -filter {jtag_cable_name =~ "Digilent Nexys A7 -100T 210292BCFA48A" && level==0 && jtag_device_ctx=="jsn-Nexys A7 -100T-210292BCFA48A-13631093-0"}
fpga -file C:/Users/ranchen/workspace/Lab_1a_attempt/_ide/bitstream/design_1_wrapper.bit
targets -set -nocase -filter {name =~ "*microblaze*#0" && bscan=="USER2" }
loadhw -hw C:/Users/ranchen/workspace/lab_1a/export/lab_1a/hw/design_1_wrapper.xsa -regs
configparams mdm-detect-bscan-mask 2
targets -set -nocase -filter {name =~ "*microblaze*#0" && bscan=="USER2" }
rst -system
after 3000
targets -set -nocase -filter {name =~ "*microblaze*#0" && bscan=="USER2" }
dow C:/Users/ranchen/workspace/Lab_1a_attempt/Debug/Lab_1a_attempt.elf
----------------End of Script----------------

09:56:39 INFO  : Context for processor 'microblaze_0' is selected.
09:56:39 INFO  : 'con' command is executed.
09:56:39 INFO  : ----------------XSDB Script (After Launch)----------------
targets -set -nocase -filter {name =~ "*microblaze*#0" && bscan=="USER2" }
con
----------------End of Script----------------

09:56:39 INFO  : Launch script is exported to file 'C:\Users\ranchen\workspace\Lab_1a_attempt_system\_ide\scripts\debugger_lab_1a_attempt-default.tcl'
10:34:48 INFO  : Disconnected from the channel tcfchan#8.
