17:16:14 DEBUG : Logs will be stored at 'C:/Users/tejasvissapragada/lab1b/IDE.log'.
17:16:18 INFO  : Launching XSCT server: xsct.bat -n  -interactive C:\Users\tejasvissapragada\lab1b\temp_xsdb_launch_script.tcl
17:16:18 INFO  : Registering command handlers for Vitis TCF services
17:16:19 INFO  : Platform repository initialization has completed.
17:16:21 INFO  : XSCT server has started successfully.
17:16:21 INFO  : plnx-install-location is set to ''
17:16:21 INFO  : Successfully done setting XSCT server connection channel  
17:16:21 INFO  : Successfully done query RDI_DATADIR 
17:16:21 INFO  : Successfully done setting workspace for the tool. 
17:18:51 INFO  : Result from executing command 'getProjects': lab1b_platform
17:18:51 INFO  : Result from executing command 'getPlatforms': xilinx_vck190_base_202210_1|C:/Xilinx/Vitis/2022.1/base_platforms/xilinx_vck190_base_202210_1/xilinx_vck190_base_202210_1.xpfm;xilinx_vck190_base_dfx_202210_1|C:/Xilinx/Vitis/2022.1/base_platforms/xilinx_vck190_base_dfx_202210_1/xilinx_vck190_base_dfx_202210_1.xpfm;xilinx_vmk180_base_202210_1|C:/Xilinx/Vitis/2022.1/base_platforms/xilinx_vmk180_base_202210_1/xilinx_vmk180_base_202210_1.xpfm;xilinx_zcu102_base_202210_1|C:/Xilinx/Vitis/2022.1/base_platforms/xilinx_zcu102_base_202210_1/xilinx_zcu102_base_202210_1.xpfm;xilinx_zcu102_base_dfx_202210_1|C:/Xilinx/Vitis/2022.1/base_platforms/xilinx_zcu102_base_dfx_202210_1/xilinx_zcu102_base_dfx_202210_1.xpfm;xilinx_zcu104_base_202210_1|C:/Xilinx/Vitis/2022.1/base_platforms/xilinx_zcu104_base_202210_1/xilinx_zcu104_base_202210_1.xpfm
17:18:52 WARN  : An unexpected exception occurred in the module 'platform project logging'
17:18:53 INFO  : Platform 'lab1b_platform' is added to custom repositories.
17:18:56 INFO  : Platform 'lab1b_platform' is added to custom repositories.
17:21:38 INFO  : No changes in MSS file content so sources will not be generated.
17:22:00 INFO  : Result from executing command 'getProjects': lab1b_platform
17:22:00 INFO  : Result from executing command 'getPlatforms': lab1b_platform|C:/Users/tejasvissapragada/lab1b/lab1b_platform/export/lab1b_platform/lab1b_platform.xpfm;xilinx_vck190_base_202210_1|C:/Xilinx/Vitis/2022.1/base_platforms/xilinx_vck190_base_202210_1/xilinx_vck190_base_202210_1.xpfm;xilinx_vck190_base_dfx_202210_1|C:/Xilinx/Vitis/2022.1/base_platforms/xilinx_vck190_base_dfx_202210_1/xilinx_vck190_base_dfx_202210_1.xpfm;xilinx_vmk180_base_202210_1|C:/Xilinx/Vitis/2022.1/base_platforms/xilinx_vmk180_base_202210_1/xilinx_vmk180_base_202210_1.xpfm;xilinx_zcu102_base_202210_1|C:/Xilinx/Vitis/2022.1/base_platforms/xilinx_zcu102_base_202210_1/xilinx_zcu102_base_202210_1.xpfm;xilinx_zcu102_base_dfx_202210_1|C:/Xilinx/Vitis/2022.1/base_platforms/xilinx_zcu102_base_dfx_202210_1/xilinx_zcu102_base_dfx_202210_1.xpfm;xilinx_zcu104_base_202210_1|C:/Xilinx/Vitis/2022.1/base_platforms/xilinx_zcu104_base_202210_1/xilinx_zcu104_base_202210_1.xpfm
17:53:20 INFO  : Bit file 'C:/Users/tejasvissapragada/lab1b/lab1b_application/_ide/bitstream/download.bit' is generated.
17:53:22 INFO  : Connected to target on host '127.0.0.1' and port '3121'.
17:53:25 INFO  : 'targets -set -filter {jtag_cable_name =~ "Digilent Nexys A7 -100T 210292BCFA48A" && level==0 && jtag_device_ctx=="jsn-Nexys A7 -100T-210292BCFA48A-13631093-0"}' command is executed.
17:53:28 INFO  : Device configured successfully with "C:/Users/tejasvissapragada/lab1b/lab1b_application/_ide/bitstream/download.bit"
17:54:30 INFO  : Checking for BSP changes to sync application flags for project 'lab1b_application'...
17:54:30 INFO  : Updating application flags with new BSP settings...
17:54:30 INFO  : Successfully updated application flags for project lab1b_application.
17:54:52 INFO  : Checking for BSP changes to sync application flags for project 'lab1b_application'...
17:55:36 INFO  : Connected to target on host '127.0.0.1' and port '3121'.
17:56:24 INFO  : Connected to target on host '127.0.0.1' and port '3121'.
17:56:24 INFO  : Jtag cable 'Digilent Nexys A7 -100T 210292BCFA48A' is selected.
17:56:24 INFO  : 'jtag frequency' command is executed.
17:56:24 INFO  : 'targets -set -filter {jtag_cable_name =~ "Digilent Nexys A7 -100T 210292BCFA48A" && level==0 && jtag_device_ctx=="jsn-Nexys A7 -100T-210292BCFA48A-13631093-0"}' command is executed.
17:56:26 INFO  : Device configured successfully with "C:/Users/tejasvissapragada/lab1b/lab1b_application/_ide/bitstream/download.bit"
17:56:26 INFO  : Context for processor 'microblaze_0' is selected.
17:56:26 INFO  : Hardware design and registers information is loaded from 'C:/Users/tejasvissapragada/lab1b/lab1b_platform/export/lab1b_platform/hw/design_1_wrapper.xsa'.
17:56:26 INFO  : 'configparams mdm-detect-bscan-mask 2' command is executed.
17:56:26 INFO  : Context for processor 'microblaze_0' is selected.
17:56:26 INFO  : System reset is completed.
17:56:29 INFO  : 'after 3000' command is executed.
17:56:29 INFO  : Context for processor 'microblaze_0' is selected.
17:56:29 INFO  : The application 'C:/Users/tejasvissapragada/lab1b/lab1b_application/Debug/lab1b_application.elf' is downloaded to processor 'microblaze_0'.
17:56:29 INFO  : ----------------XSDB Script----------------
connect -url tcp:127.0.0.1:3121
targets -set -filter {jtag_cable_name =~ "Digilent Nexys A7 -100T 210292BCFA48A" && level==0 && jtag_device_ctx=="jsn-Nexys A7 -100T-210292BCFA48A-13631093-0"}
fpga -file C:/Users/tejasvissapragada/lab1b/lab1b_application/_ide/bitstream/download.bit
targets -set -nocase -filter {name =~ "*microblaze*#0" && bscan=="USER2" }
loadhw -hw C:/Users/tejasvissapragada/lab1b/lab1b_platform/export/lab1b_platform/hw/design_1_wrapper.xsa -regs
configparams mdm-detect-bscan-mask 2
targets -set -nocase -filter {name =~ "*microblaze*#0" && bscan=="USER2" }
rst -system
after 3000
targets -set -nocase -filter {name =~ "*microblaze*#0" && bscan=="USER2" }
dow C:/Users/tejasvissapragada/lab1b/lab1b_application/Debug/lab1b_application.elf
----------------End of Script----------------

17:56:29 INFO  : Context for processor 'microblaze_0' is selected.
17:56:29 INFO  : 'con' command is executed.
17:56:29 INFO  : ----------------XSDB Script (After Launch)----------------
targets -set -nocase -filter {name =~ "*microblaze*#0" && bscan=="USER2" }
con
----------------End of Script----------------

17:56:29 INFO  : Launch script is exported to file 'C:\Users\tejasvissapragada\lab1b\lab1b_system\_ide\scripts\debugger_lab1b_application-default.tcl'
18:00:13 INFO  : Disconnected from the channel tcfchan#2.
18:09:35 DEBUG : Logs will be stored at 'C:/Users/tejasvissapragada/Documents/cs153a/vitis/lab1b/IDE.log'.
18:09:35 INFO  : Launching XSCT server: xsct.bat -n  -interactive C:\Users\tejasvissapragada\Documents\cs153a\vitis\lab1b\temp_xsdb_launch_script.tcl
18:09:40 INFO  : Registering command handlers for Vitis TCF services
18:09:41 INFO  : Platform repository initialization has completed.
18:09:41 INFO  : XSCT server has started successfully.
18:09:42 INFO  : plnx-install-location is set to ''
18:09:42 INFO  : Successfully done setting XSCT server connection channel  
18:09:42 INFO  : Successfully done query RDI_DATADIR 
18:09:42 INFO  : Successfully done setting workspace for the tool. 
18:15:27 INFO  : Checking for BSP changes to sync application flags for project 'lab1b_application'...
18:15:27 ERROR : Failed to get platform details for the project 'lab1b_application'. Cannot sync application flags.
18:15:50 INFO  : Checking for BSP changes to sync application flags for project 'lab1b_application'...
18:15:50 ERROR : Failed to get platform details for the project 'lab1b_application'. Cannot sync application flags.
18:16:57 INFO  : Checking for BSP changes to sync application flags for project 'lab1b_application'...
18:17:10 INFO  : Connected to target on host '127.0.0.1' and port '3121'.
18:17:11 INFO  : Jtag cable 'Digilent Nexys A7 -100T 210292BCFA48A' is selected.
18:17:11 INFO  : 'jtag frequency' command is executed.
18:17:13 INFO  : 'targets -set -filter {jtag_cable_name =~ "Digilent Nexys A7 -100T 210292BCFA48A" && level==0 && jtag_device_ctx=="jsn-Nexys A7 -100T-210292BCFA48A-13631093-0"}' command is executed.
18:17:16 INFO  : Device configured successfully with "C:/Users/tejasvissapragada/Documents/cs153a/vitis/lab1b/lab1b_application/_ide/bitstream/download.bit"
18:17:16 INFO  : Context for processor 'microblaze_0' is selected.
18:17:16 INFO  : Hardware design and registers information is loaded from 'C:/Users/tejasvissapragada/Documents/cs153a/vitis/lab1b/lab1b_platform/export/lab1b_platform/hw/design_1_wrapper.xsa'.
18:17:16 INFO  : 'configparams mdm-detect-bscan-mask 2' command is executed.
18:17:16 INFO  : Context for processor 'microblaze_0' is selected.
18:17:16 INFO  : System reset is completed.
18:17:19 INFO  : 'after 3000' command is executed.
18:17:20 INFO  : Context for processor 'microblaze_0' is selected.
18:17:20 INFO  : The application 'C:/Users/tejasvissapragada/Documents/cs153a/vitis/lab1b/lab1b_application/Debug/lab1b_application.elf' is downloaded to processor 'microblaze_0'.
18:17:20 INFO  : ----------------XSDB Script----------------
connect -url tcp:127.0.0.1:3121
targets -set -filter {jtag_cable_name =~ "Digilent Nexys A7 -100T 210292BCFA48A" && level==0 && jtag_device_ctx=="jsn-Nexys A7 -100T-210292BCFA48A-13631093-0"}
fpga -file C:/Users/tejasvissapragada/Documents/cs153a/vitis/lab1b/lab1b_application/_ide/bitstream/download.bit
targets -set -nocase -filter {name =~ "*microblaze*#0" && bscan=="USER2" }
loadhw -hw C:/Users/tejasvissapragada/Documents/cs153a/vitis/lab1b/lab1b_platform/export/lab1b_platform/hw/design_1_wrapper.xsa -regs
configparams mdm-detect-bscan-mask 2
targets -set -nocase -filter {name =~ "*microblaze*#0" && bscan=="USER2" }
rst -system
after 3000
targets -set -nocase -filter {name =~ "*microblaze*#0" && bscan=="USER2" }
dow C:/Users/tejasvissapragada/Documents/cs153a/vitis/lab1b/lab1b_application/Debug/lab1b_application.elf
----------------End of Script----------------

18:17:21 INFO  : Context for processor 'microblaze_0' is selected.
18:17:21 INFO  : 'con' command is executed.
18:17:21 INFO  : ----------------XSDB Script (After Launch)----------------
targets -set -nocase -filter {name =~ "*microblaze*#0" && bscan=="USER2" }
con
----------------End of Script----------------

18:17:21 INFO  : Launch script is exported to file 'C:\Users\tejasvissapragada\Documents\cs153a\vitis\lab1b\lab1b_system\_ide\scripts\debugger_lab1b_application-default.tcl'
19:26:13 INFO  : Disconnected from the channel tcfchan#1.
19:26:14 INFO  : Connected to target on host '127.0.0.1' and port '3121'.
19:26:23 INFO  : ----------------XSDB Script----------------
connect -url tcp:127.0.0.1:3121
----------------End of Script----------------

19:26:23 ERROR : Could not find FPGA device on the board for connection 'Local'.


Troubleshooting hints:
1. Check whether board is connected to system properly.
2. In case of zynq board, check whether Digilent/Xilinx cable switch settings are correct.
3. If you are using Xilinx Platform Cable USB, ensure that status LED is green.
19:26:32 INFO  : Connected to target on host '127.0.0.1' and port '3121'.
19:26:32 INFO  : Jtag cable 'Digilent Nexys A7 -100T 210292BCFA48A' is selected.
19:26:32 INFO  : 'jtag frequency' command is executed.
19:26:32 INFO  : 'targets -set -filter {jtag_cable_name =~ "Digilent Nexys A7 -100T 210292BCFA48A" && level==0 && jtag_device_ctx=="jsn-Nexys A7 -100T-210292BCFA48A-13631093-0"}' command is executed.
19:26:35 INFO  : Device configured successfully with "C:/Users/tejasvissapragada/Documents/cs153a/vitis/lab1b/lab1b_application/_ide/bitstream/download.bit"
19:26:35 INFO  : Context for processor 'microblaze_0' is selected.
19:26:35 INFO  : Hardware design and registers information is loaded from 'C:/Users/tejasvissapragada/Documents/cs153a/vitis/lab1b/lab1b_platform/export/lab1b_platform/hw/design_1_wrapper.xsa'.
19:26:35 INFO  : 'configparams mdm-detect-bscan-mask 2' command is executed.
19:26:35 INFO  : Context for processor 'microblaze_0' is selected.
19:26:35 INFO  : System reset is completed.
19:26:38 INFO  : 'after 3000' command is executed.
19:26:38 INFO  : Context for processor 'microblaze_0' is selected.
19:26:38 INFO  : The application 'C:/Users/tejasvissapragada/Documents/cs153a/vitis/lab1b/lab1b_application/Debug/lab1b_application.elf' is downloaded to processor 'microblaze_0'.
19:26:38 INFO  : ----------------XSDB Script----------------
connect -url tcp:127.0.0.1:3121
targets -set -filter {jtag_cable_name =~ "Digilent Nexys A7 -100T 210292BCFA48A" && level==0 && jtag_device_ctx=="jsn-Nexys A7 -100T-210292BCFA48A-13631093-0"}
fpga -file C:/Users/tejasvissapragada/Documents/cs153a/vitis/lab1b/lab1b_application/_ide/bitstream/download.bit
targets -set -nocase -filter {name =~ "*microblaze*#0" && bscan=="USER2" }
loadhw -hw C:/Users/tejasvissapragada/Documents/cs153a/vitis/lab1b/lab1b_platform/export/lab1b_platform/hw/design_1_wrapper.xsa -regs
configparams mdm-detect-bscan-mask 2
targets -set -nocase -filter {name =~ "*microblaze*#0" && bscan=="USER2" }
rst -system
after 3000
targets -set -nocase -filter {name =~ "*microblaze*#0" && bscan=="USER2" }
dow C:/Users/tejasvissapragada/Documents/cs153a/vitis/lab1b/lab1b_application/Debug/lab1b_application.elf
----------------End of Script----------------

19:26:38 INFO  : Context for processor 'microblaze_0' is selected.
19:26:39 INFO  : 'con' command is executed.
19:26:39 INFO  : ----------------XSDB Script (After Launch)----------------
targets -set -nocase -filter {name =~ "*microblaze*#0" && bscan=="USER2" }
con
----------------End of Script----------------

19:26:39 INFO  : Launch script is exported to file 'C:\Users\tejasvissapragada\Documents\cs153a\vitis\lab1b\lab1b_system\_ide\scripts\systemdebugger_lab1b_system_standalone.tcl'
19:26:54 INFO  : Checking for BSP changes to sync application flags for project 'lab1b_application'...
19:26:58 INFO  : Disconnected from the channel tcfchan#2.
19:26:58 INFO  : Connected to target on host '127.0.0.1' and port '3121'.
19:26:58 INFO  : Jtag cable 'Digilent Nexys A7 -100T 210292BCFA48A' is selected.
19:26:58 INFO  : 'jtag frequency' command is executed.
19:26:58 INFO  : 'targets -set -filter {jtag_cable_name =~ "Digilent Nexys A7 -100T 210292BCFA48A" && level==0 && jtag_device_ctx=="jsn-Nexys A7 -100T-210292BCFA48A-13631093-0"}' command is executed.
19:27:00 INFO  : Device configured successfully with "C:/Users/tejasvissapragada/Documents/cs153a/vitis/lab1b/lab1b_application/_ide/bitstream/download.bit"
19:27:00 INFO  : Context for processor 'microblaze_0' is selected.
19:27:01 INFO  : Hardware design and registers information is loaded from 'C:/Users/tejasvissapragada/Documents/cs153a/vitis/lab1b/lab1b_platform/export/lab1b_platform/hw/design_1_wrapper.xsa'.
19:27:01 INFO  : 'configparams mdm-detect-bscan-mask 2' command is executed.
19:27:01 INFO  : Context for processor 'microblaze_0' is selected.
19:27:01 INFO  : System reset is completed.
19:27:04 INFO  : 'after 3000' command is executed.
19:27:04 INFO  : Context for processor 'microblaze_0' is selected.
19:27:04 INFO  : The application 'C:/Users/tejasvissapragada/Documents/cs153a/vitis/lab1b/lab1b_application/Debug/lab1b_application.elf' is downloaded to processor 'microblaze_0'.
19:27:04 INFO  : ----------------XSDB Script----------------
connect -url tcp:127.0.0.1:3121
targets -set -filter {jtag_cable_name =~ "Digilent Nexys A7 -100T 210292BCFA48A" && level==0 && jtag_device_ctx=="jsn-Nexys A7 -100T-210292BCFA48A-13631093-0"}
fpga -file C:/Users/tejasvissapragada/Documents/cs153a/vitis/lab1b/lab1b_application/_ide/bitstream/download.bit
targets -set -nocase -filter {name =~ "*microblaze*#0" && bscan=="USER2" }
loadhw -hw C:/Users/tejasvissapragada/Documents/cs153a/vitis/lab1b/lab1b_platform/export/lab1b_platform/hw/design_1_wrapper.xsa -regs
configparams mdm-detect-bscan-mask 2
targets -set -nocase -filter {name =~ "*microblaze*#0" && bscan=="USER2" }
rst -system
after 3000
targets -set -nocase -filter {name =~ "*microblaze*#0" && bscan=="USER2" }
dow C:/Users/tejasvissapragada/Documents/cs153a/vitis/lab1b/lab1b_application/Debug/lab1b_application.elf
----------------End of Script----------------

19:27:04 INFO  : Context for processor 'microblaze_0' is selected.
19:27:04 INFO  : 'con' command is executed.
19:27:04 INFO  : ----------------XSDB Script (After Launch)----------------
targets -set -nocase -filter {name =~ "*microblaze*#0" && bscan=="USER2" }
con
----------------End of Script----------------

19:27:04 INFO  : Launch script is exported to file 'C:\Users\tejasvissapragada\Documents\cs153a\vitis\lab1b\lab1b_system\_ide\scripts\systemdebugger_lab1b_system_standalone.tcl'
19:28:37 INFO  : Checking for BSP changes to sync application flags for project 'lab1b_application'...
19:28:48 INFO  : Disconnected from the channel tcfchan#3.
19:28:48 INFO  : Connected to target on host '127.0.0.1' and port '3121'.
19:28:48 INFO  : Jtag cable 'Digilent Nexys A7 -100T 210292BCFA48A' is selected.
19:28:48 INFO  : 'jtag frequency' command is executed.
19:28:48 INFO  : 'targets -set -filter {jtag_cable_name =~ "Digilent Nexys A7 -100T 210292BCFA48A" && level==0 && jtag_device_ctx=="jsn-Nexys A7 -100T-210292BCFA48A-13631093-0"}' command is executed.
19:28:50 INFO  : Device configured successfully with "C:/Users/tejasvissapragada/Documents/cs153a/vitis/lab1b/lab1b_application/_ide/bitstream/download.bit"
19:28:50 INFO  : Context for processor 'microblaze_0' is selected.
19:28:51 INFO  : Hardware design and registers information is loaded from 'C:/Users/tejasvissapragada/Documents/cs153a/vitis/lab1b/lab1b_platform/export/lab1b_platform/hw/design_1_wrapper.xsa'.
19:28:51 INFO  : 'configparams mdm-detect-bscan-mask 2' command is executed.
19:28:51 INFO  : Context for processor 'microblaze_0' is selected.
19:28:51 INFO  : System reset is completed.
19:28:54 INFO  : 'after 3000' command is executed.
19:28:54 INFO  : Context for processor 'microblaze_0' is selected.
19:28:54 INFO  : The application 'C:/Users/tejasvissapragada/Documents/cs153a/vitis/lab1b/lab1b_application/Debug/lab1b_application.elf' is downloaded to processor 'microblaze_0'.
19:28:54 INFO  : ----------------XSDB Script----------------
connect -url tcp:127.0.0.1:3121
targets -set -filter {jtag_cable_name =~ "Digilent Nexys A7 -100T 210292BCFA48A" && level==0 && jtag_device_ctx=="jsn-Nexys A7 -100T-210292BCFA48A-13631093-0"}
fpga -file C:/Users/tejasvissapragada/Documents/cs153a/vitis/lab1b/lab1b_application/_ide/bitstream/download.bit
targets -set -nocase -filter {name =~ "*microblaze*#0" && bscan=="USER2" }
loadhw -hw C:/Users/tejasvissapragada/Documents/cs153a/vitis/lab1b/lab1b_platform/export/lab1b_platform/hw/design_1_wrapper.xsa -regs
configparams mdm-detect-bscan-mask 2
targets -set -nocase -filter {name =~ "*microblaze*#0" && bscan=="USER2" }
rst -system
after 3000
targets -set -nocase -filter {name =~ "*microblaze*#0" && bscan=="USER2" }
dow C:/Users/tejasvissapragada/Documents/cs153a/vitis/lab1b/lab1b_application/Debug/lab1b_application.elf
----------------End of Script----------------

19:28:54 INFO  : Context for processor 'microblaze_0' is selected.
19:28:54 INFO  : 'con' command is executed.
19:28:54 INFO  : ----------------XSDB Script (After Launch)----------------
targets -set -nocase -filter {name =~ "*microblaze*#0" && bscan=="USER2" }
con
----------------End of Script----------------

19:28:54 INFO  : Launch script is exported to file 'C:\Users\tejasvissapragada\Documents\cs153a\vitis\lab1b\lab1b_system\_ide\scripts\systemdebugger_lab1b_system_standalone.tcl'
19:29:38 INFO  : Checking for BSP changes to sync application flags for project 'lab1b_application'...
19:29:42 INFO  : Disconnected from the channel tcfchan#4.
19:29:42 INFO  : Connected to target on host '127.0.0.1' and port '3121'.
19:29:43 INFO  : Jtag cable 'Digilent Nexys A7 -100T 210292BCFA48A' is selected.
19:29:43 INFO  : 'jtag frequency' command is executed.
19:29:43 INFO  : 'targets -set -filter {jtag_cable_name =~ "Digilent Nexys A7 -100T 210292BCFA48A" && level==0 && jtag_device_ctx=="jsn-Nexys A7 -100T-210292BCFA48A-13631093-0"}' command is executed.
19:29:45 INFO  : Device configured successfully with "C:/Users/tejasvissapragada/Documents/cs153a/vitis/lab1b/lab1b_application/_ide/bitstream/download.bit"
19:29:45 INFO  : Context for processor 'microblaze_0' is selected.
19:29:46 INFO  : Hardware design and registers information is loaded from 'C:/Users/tejasvissapragada/Documents/cs153a/vitis/lab1b/lab1b_platform/export/lab1b_platform/hw/design_1_wrapper.xsa'.
19:29:46 INFO  : 'configparams mdm-detect-bscan-mask 2' command is executed.
19:29:46 INFO  : Context for processor 'microblaze_0' is selected.
19:29:46 INFO  : System reset is completed.
19:29:49 INFO  : 'after 3000' command is executed.
19:29:49 INFO  : Context for processor 'microblaze_0' is selected.
19:29:49 INFO  : The application 'C:/Users/tejasvissapragada/Documents/cs153a/vitis/lab1b/lab1b_application/Debug/lab1b_application.elf' is downloaded to processor 'microblaze_0'.
19:29:49 INFO  : ----------------XSDB Script----------------
connect -url tcp:127.0.0.1:3121
targets -set -filter {jtag_cable_name =~ "Digilent Nexys A7 -100T 210292BCFA48A" && level==0 && jtag_device_ctx=="jsn-Nexys A7 -100T-210292BCFA48A-13631093-0"}
fpga -file C:/Users/tejasvissapragada/Documents/cs153a/vitis/lab1b/lab1b_application/_ide/bitstream/download.bit
targets -set -nocase -filter {name =~ "*microblaze*#0" && bscan=="USER2" }
loadhw -hw C:/Users/tejasvissapragada/Documents/cs153a/vitis/lab1b/lab1b_platform/export/lab1b_platform/hw/design_1_wrapper.xsa -regs
configparams mdm-detect-bscan-mask 2
targets -set -nocase -filter {name =~ "*microblaze*#0" && bscan=="USER2" }
rst -system
after 3000
targets -set -nocase -filter {name =~ "*microblaze*#0" && bscan=="USER2" }
dow C:/Users/tejasvissapragada/Documents/cs153a/vitis/lab1b/lab1b_application/Debug/lab1b_application.elf
----------------End of Script----------------

19:29:49 INFO  : Context for processor 'microblaze_0' is selected.
19:29:49 INFO  : 'con' command is executed.
19:29:49 INFO  : ----------------XSDB Script (After Launch)----------------
targets -set -nocase -filter {name =~ "*microblaze*#0" && bscan=="USER2" }
con
----------------End of Script----------------

19:29:49 INFO  : Launch script is exported to file 'C:\Users\tejasvissapragada\Documents\cs153a\vitis\lab1b\lab1b_system\_ide\scripts\systemdebugger_lab1b_system_standalone.tcl'
19:33:33 INFO  : Launching XSCT server: xsct.bat -n  -interactive C:\Users\tejasvissapragada\Documents\cs153a\vitis\lab1b\temp_xsdb_launch_script.tcl
